<?xml version="1.0" encoding="UTF-8"?>
<!-- Generated by org.testng.reporters.JUnitReportReporter -->
<testsuite hostname="mounidinus-MacBook-Pro.local" failures="0" tests="1" name="com.salesforce.testcases.TC001_Signup_Cucumber" time="14.079" errors="0" timestamp="2023-07-13T23:34:45 SGT" skipped="0">
  <testcase classname="com.salesforce.testcases.TC001_Signup_Cucumber" name="runScenario" time="14.079"/>
  <system-out/>
</testsuite> <!-- com.salesforce.testcases.TC001_Signup_Cucumber -->
